<?xml version="1.0" encoding="UTF-8"?>
<!-- Generated by org.testng.reporters.JUnitXMLReporter -->
<testsuite hostname="Swati-Laptop" ignored="0" name="Gurukula Staff App" tests="2" failures="0" timestamp="27 Jun 2019 05:04:09 GMT" time="17.974" errors="0">
  <testcase name="TC_LoginTest" time="1.846" classname="com.FirstProj.TestCase.TC_01_VerifyLoginToApp"/>
  <testcase name="TC_LoginTest" time="1.616" classname="com.FirstProj.TestCase.TC_01_VerifyLoginToApp"/>
</testsuite> <!-- Gurukula Staff App -->
