<?xml version="1.0" encoding="UTF-8"?>
<testng-results skipped="0" failed="0" ignored="0" total="2" passed="2">
  <reporter-output>
  </reporter-output>
  <suite name="FirstSeleneiumProject" duration-ms="17974" started-at="2019-06-27T05:03:51Z" finished-at="2019-06-27T05:04:09Z">
    <groups>
    </groups>
    <test name="Gurukula Staff App" duration-ms="17974" started-at="2019-06-27T05:03:51Z" finished-at="2019-06-27T05:04:09Z">
      <class name="com.FirstProj.TestCase.TC_01_VerifyLoginToApp">
        <test-method status="PASS" signature="setUp(java.lang.String)[pri:0, instance:com.FirstProj.TestCase.TC_01_VerifyLoginToApp@5622fdf]" name="setUp" is-config="true" duration-ms="6359" started-at="2019-06-27T05:03:53Z" finished-at="2019-06-27T05:03:59Z">
          <params>
            <param index="0">
              <value>
                <![CDATA[chrome]]>
              </value>
            </param>
          </params>
          <reporter-output>
          </reporter-output>
        </test-method> <!-- setUp -->
        <test-method status="PASS" signature="TC_LoginTest(java.lang.String, java.lang.String)[pri:0, instance:com.FirstProj.TestCase.TC_01_VerifyLoginToApp@5622fdf]" name="TC_LoginTest" duration-ms="1846" started-at="2019-06-27T05:03:59Z" data-provider="ExcelDataProvider" finished-at="2019-06-27T05:04:01Z">
          <params>
            <param index="0">
              <value>
                <![CDATA[admin]]>
              </value>
            </param>
            <param index="1">
              <value>
                <![CDATA[admin]]>
              </value>
            </param>
          </params>
          <reporter-output>
          </reporter-output>
        </test-method> <!-- TC_LoginTest -->
        <test-method status="PASS" signature="tearDown()[pri:0, instance:com.FirstProj.TestCase.TC_01_VerifyLoginToApp@5622fdf]" name="tearDown" is-config="true" duration-ms="749" started-at="2019-06-27T05:04:01Z" finished-at="2019-06-27T05:04:02Z">
          <reporter-output>
          </reporter-output>
        </test-method> <!-- tearDown -->
        <test-method status="PASS" signature="setUp(java.lang.String)[pri:0, instance:com.FirstProj.TestCase.TC_01_VerifyLoginToApp@5622fdf]" name="setUp" is-config="true" duration-ms="4551" started-at="2019-06-27T05:04:02Z" finished-at="2019-06-27T05:04:06Z">
          <params>
            <param index="0">
              <value>
                <![CDATA[chrome]]>
              </value>
            </param>
          </params>
          <reporter-output>
          </reporter-output>
        </test-method> <!-- setUp -->
        <test-method status="PASS" signature="TC_LoginTest(java.lang.String, java.lang.String)[pri:0, instance:com.FirstProj.TestCase.TC_01_VerifyLoginToApp@5622fdf]" name="TC_LoginTest" duration-ms="1616" started-at="2019-06-27T05:04:06Z" data-provider="ExcelDataProvider" finished-at="2019-06-27T05:04:08Z">
          <params>
            <param index="0">
              <value>
                <![CDATA[admin]]>
              </value>
            </param>
            <param index="1">
              <value>
                <![CDATA[admin]]>
              </value>
            </param>
          </params>
          <reporter-output>
          </reporter-output>
        </test-method> <!-- TC_LoginTest -->
        <test-method status="PASS" signature="tearDown()[pri:0, instance:com.FirstProj.TestCase.TC_01_VerifyLoginToApp@5622fdf]" name="tearDown" is-config="true" duration-ms="715" started-at="2019-06-27T05:04:08Z" finished-at="2019-06-27T05:04:09Z">
          <reporter-output>
          </reporter-output>
        </test-method> <!-- tearDown -->
      </class> <!-- com.FirstProj.TestCase.TC_01_VerifyLoginToApp -->
    </test> <!-- Gurukula Staff App -->
  </suite> <!-- FirstSeleneiumProject -->
</testng-results>
